<?xml version="1.0" encoding="UTF-8"?>
<!-- Generated by org.testng.reporters.JUnitXMLReporter -->
<testsuite hostname="vebbler-10" ignored="0" name="Default test" tests="3" failures="0" timestamp="2020-07-19T00:35:18 IST" time="11.339" errors="0">
  <testcase name="addBook" time="10.616" classname="files.DynamicJson"/>
  <testcase name="addBook" time="0.271" classname="files.DynamicJson"/>
  <testcase name="addBook" time="0.329" classname="files.DynamicJson"/>
</testsuite> <!-- Default test -->
