<?xml version="1.0" encoding="UTF-8"?>
<testng-results skipped="0" failed="0" ignored="0" total="3" passed="3">
  <reporter-output>
  </reporter-output>
  <suite name="Default suite" duration-ms="11339" started-at="2020-07-19T00:35:06 IST" finished-at="2020-07-19T00:35:18 IST">
    <groups>
    </groups>
    <test name="Default test" duration-ms="11339" started-at="2020-07-19T00:35:06 IST" finished-at="2020-07-19T00:35:18 IST">
      <class name="files.DynamicJson">
        <test-method status="PASS" signature="addBook(java.lang.String, java.lang.String)[pri:0, instance:files.DynamicJson@131276c2]" name="addBook" duration-ms="10616" started-at="2020-07-19T00:35:06 IST" data-provider="BooksData" finished-at="2020-07-19T00:35:17 IST">
          <params>
            <param index="0">
              <value>
                <![CDATA[harsha]]>
              </value>
            </param>
            <param index="1">
              <value>
                <![CDATA[4100]]>
              </value>
            </param>
          </params>
          <reporter-output>
          </reporter-output>
        </test-method> <!-- addBook -->
        <test-method status="PASS" signature="addBook(java.lang.String, java.lang.String)[pri:0, instance:files.DynamicJson@131276c2]" name="addBook" duration-ms="271" started-at="2020-07-19T00:35:17 IST" data-provider="BooksData" finished-at="2020-07-19T00:35:17 IST">
          <params>
            <param index="0">
              <value>
                <![CDATA[golu]]>
              </value>
            </param>
            <param index="1">
              <value>
                <![CDATA[0542]]>
              </value>
            </param>
          </params>
          <reporter-output>
          </reporter-output>
        </test-method> <!-- addBook -->
        <test-method status="PASS" signature="addBook(java.lang.String, java.lang.String)[pri:0, instance:files.DynamicJson@131276c2]" name="addBook" duration-ms="329" started-at="2020-07-19T00:35:17 IST" data-provider="BooksData" finished-at="2020-07-19T00:35:18 IST">
          <params>
            <param index="0">
              <value>
                <![CDATA[singh]]>
              </value>
            </param>
            <param index="1">
              <value>
                <![CDATA[9800]]>
              </value>
            </param>
          </params>
          <reporter-output>
          </reporter-output>
        </test-method> <!-- addBook -->
      </class> <!-- files.DynamicJson -->
    </test> <!-- Default test -->
  </suite> <!-- Default suite -->
</testng-results>
